

Started GET "/" for 192.168.3.1 at 2015-06-19 20:23:46 +0000

ActiveRecord::NoDatabaseError (Unknown database 'easymeetup_development'Run `$ bin/rake db:create db:migrate` to create your database):
  activerecord (4.1.2) lib/active_record/connection_adapters/mysql2_adapter.rb:23:in `rescue in mysql2_connection'
  activerecord (4.1.2) lib/active_record/connection_adapters/mysql2_adapter.rb:10:in `mysql2_connection'
  activerecord (4.1.2) lib/active_record/connection_adapters/abstract/connection_pool.rb:435:in `new_connection'
  activerecord (4.1.2) lib/active_record/connection_adapters/abstract/connection_pool.rb:445:in `checkout_new_connection'
  activerecord (4.1.2) lib/active_record/connection_adapters/abstract/connection_pool.rb:416:in `acquire_connection'
  activerecord (4.1.2) lib/active_record/connection_adapters/abstract/connection_pool.rb:351:in `block in checkout'
  /home/vagrant/.rbenv/versions/2.1.2/lib/ruby/2.1.0/monitor.rb:211:in `mon_synchronize'
  activerecord (4.1.2) lib/active_record/connection_adapters/abstract/connection_pool.rb:350:in `checkout'
  activerecord (4.1.2) lib/active_record/connection_adapters/abstract/connection_pool.rb:265:in `block in connection'
  /home/vagrant/.rbenv/versions/2.1.2/lib/ruby/2.1.0/monitor.rb:211:in `mon_synchronize'
  activerecord (4.1.2) lib/active_record/connection_adapters/abstract/connection_pool.rb:264:in `connection'
  activerecord (4.1.2) lib/active_record/connection_adapters/abstract/connection_pool.rb:541:in `retrieve_connection'
  activerecord (4.1.2) lib/active_record/connection_handling.rb:113:in `retrieve_connection'
  activerecord (4.1.2) lib/active_record/connection_handling.rb:87:in `connection'
  activerecord (4.1.2) lib/active_record/query_cache.rb:51:in `restore_query_cache_settings'
  activerecord (4.1.2) lib/active_record/query_cache.rb:43:in `rescue in call'
  activerecord (4.1.2) lib/active_record/query_cache.rb:32:in `call'
  activerecord (4.1.2) lib/active_record/connection_adapters/abstract/connection_pool.rb:621:in `call'
  activerecord (4.1.2) lib/active_record/migration.rb:380:in `call'
  actionpack (4.1.2) lib/action_dispatch/middleware/callbacks.rb:29:in `block in call'
  activesupport (4.1.2) lib/active_support/callbacks.rb:82:in `run_callbacks'
  actionpack (4.1.2) lib/action_dispatch/middleware/callbacks.rb:27:in `call'
  actionpack (4.1.2) lib/action_dispatch/middleware/reloader.rb:73:in `call'
  actionpack (4.1.2) lib/action_dispatch/middleware/remote_ip.rb:76:in `call'
  actionpack (4.1.2) lib/action_dispatch/middleware/debug_exceptions.rb:17:in `call'
  actionpack (4.1.2) lib/action_dispatch/middleware/show_exceptions.rb:30:in `call'
  railties (4.1.2) lib/rails/rack/logger.rb:38:in `call_app'
  railties (4.1.2) lib/rails/rack/logger.rb:20:in `block in call'
  activesupport (4.1.2) lib/active_support/tagged_logging.rb:68:in `block in tagged'
  activesupport (4.1.2) lib/active_support/tagged_logging.rb:26:in `tagged'
  activesupport (4.1.2) lib/active_support/tagged_logging.rb:68:in `tagged'
  railties (4.1.2) lib/rails/rack/logger.rb:20:in `call'
  actionpack (4.1.2) lib/action_dispatch/middleware/request_id.rb:21:in `call'
  rack (1.5.5) lib/rack/methodoverride.rb:21:in `call'
  rack (1.5.5) lib/rack/runtime.rb:17:in `call'
  activesupport (4.1.2) lib/active_support/cache/strategy/local_cache_middleware.rb:26:in `call'
  rack (1.5.5) lib/rack/lock.rb:17:in `call'
  actionpack (4.1.2) lib/action_dispatch/middleware/static.rb:64:in `call'
  rack (1.5.5) lib/rack/sendfile.rb:112:in `call'
  railties (4.1.2) lib/rails/engine.rb:514:in `call'
  railties (4.1.2) lib/rails/application.rb:144:in `call'
  rack (1.5.5) lib/rack/lock.rb:17:in `call'
  rack (1.5.5) lib/rack/content_length.rb:14:in `call'
  rack (1.5.5) lib/rack/handler/webrick.rb:60:in `service'
  /home/vagrant/.rbenv/versions/2.1.2/lib/ruby/2.1.0/webrick/httpserver.rb:138:in `service'
  /home/vagrant/.rbenv/versions/2.1.2/lib/ruby/2.1.0/webrick/httpserver.rb:94:in `run'
  /home/vagrant/.rbenv/versions/2.1.2/lib/ruby/2.1.0/webrick/server.rb:295:in `block in start_thread'


  Rendered /home/vagrant/.rbenv/versions/2.1.2/lib/ruby/gems/2.1.0/gems/actionpack-4.1.2/lib/action_dispatch/middleware/templates/rescues/_source.erb (2.5ms)
  Rendered /home/vagrant/.rbenv/versions/2.1.2/lib/ruby/gems/2.1.0/gems/actionpack-4.1.2/lib/action_dispatch/middleware/templates/rescues/_trace.html.erb (7.7ms)
  Rendered /home/vagrant/.rbenv/versions/2.1.2/lib/ruby/gems/2.1.0/gems/actionpack-4.1.2/lib/action_dispatch/middleware/templates/rescues/_request_and_response.html.erb (4.4ms)
  Rendered /home/vagrant/.rbenv/versions/2.1.2/lib/ruby/gems/2.1.0/gems/actionpack-4.1.2/lib/action_dispatch/middleware/templates/rescues/diagnostics.erb within rescues/layout (103.2ms)
  [1m[36m (25.3ms)[0m  [1mCREATE TABLE `schema_migrations` (`version` varchar(255) NOT NULL) ENGINE=InnoDB[0m
  [1m[35m (111.9ms)[0m  CREATE UNIQUE INDEX `unique_schema_migrations`  ON `schema_migrations` (`version`) 
  [1m[36mActiveRecord::SchemaMigration Load (2.4ms)[0m  [1mSELECT `schema_migrations`.* FROM `schema_migrations`[0m


Started GET "/" for 192.168.3.1 at 2015-06-19 20:24:53 +0000
Processing by PageController#welcome as HTML
  Rendered page/_issue_list.html.erb (2.6ms)
  Rendered page/welcome.html.erb within layouts/application (346.3ms)
Completed 200 OK in 6197ms (Views: 6087.4ms | ActiveRecord: 0.0ms)


Started GET "/assets/sections/layout.css?body=1" for 192.168.3.1 at 2015-06-19 20:25:02 +0000


Started GET "/assets/sections/welcome.css?body=1" for 192.168.3.1 at 2015-06-19 20:25:02 +0000


Started GET "/assets/shared/common.css?body=1" for 192.168.3.1 at 2015-06-19 20:25:03 +0000


Started GET "/assets/jquery_ujs.js?body=1" for 192.168.3.1 at 2015-06-19 20:25:03 +0000


Started GET "/assets/jquery.js?body=1" for 192.168.3.1 at 2015-06-19 20:25:03 +0000


Started GET "/assets/application.css?body=1" for 192.168.3.1 at 2015-06-19 20:25:03 +0000


Started GET "/assets/turbolinks.js?body=1" for 192.168.3.1 at 2015-06-19 20:25:04 +0000


Started GET "/assets/vendor/jquery.anystretch.min.js?body=1" for 192.168.3.1 at 2015-06-19 20:25:04 +0000


Started GET "/assets/application.js?body=1" for 192.168.3.1 at 2015-06-19 20:25:04 +0000


Started GET "/assets/home-banner-bg.jpg" for 192.168.3.1 at 2015-06-19 20:25:05 +0000
  [1m[36mActiveRecord::SchemaMigration Load (1.0ms)[0m  [1mSELECT `schema_migrations`.* FROM `schema_migrations`[0m
Migrating to CreateIssues (20150619210813)
  [1m[35m (23.2ms)[0m  CREATE TABLE `issues` (`id` int(11) auto_increment PRIMARY KEY, `title` varchar(255), `created_at` datetime, `updated_at` datetime) ENGINE=InnoDB
  [1m[36m (0.5ms)[0m  [1mBEGIN[0m
  [1m[35mSQL (1.5ms)[0m  INSERT INTO `schema_migrations` (`version`) VALUES ('20150619210813')
  [1m[36m (3.4ms)[0m  [1mCOMMIT[0m
  [1m[35mActiveRecord::SchemaMigration Load (0.8ms)[0m  SELECT `schema_migrations`.* FROM `schema_migrations`
  [1m[36m (0.4ms)[0m  [1mBEGIN[0m
  [1m[35mSQL (1.4ms)[0m  INSERT INTO `issues` (`created_at`, `title`, `updated_at`) VALUES ('2015-06-20 01:45:55', 'Ian', '2015-06-20 01:45:55')
  [1m[36m (2238.5ms)[0m  [1mCOMMIT[0m
  [1m[35m (0.4ms)[0m  BEGIN
  [1m[36mSQL (2.3ms)[0m  [1mINSERT INTO `issues` (`created_at`, `title`, `updated_at`) VALUES ('2015-06-20 01:46:05', 'SS', '2015-06-20 01:46:05')[0m
  [1m[35m (3.3ms)[0m  COMMIT
  [1m[36mIssue Load (1.9ms)[0m  [1mSELECT `issues`.* FROM `issues`[0m


Started GET "/" for 192.168.3.1 at 2015-06-20 01:54:13 +0000
  [1m[36mActiveRecord::SchemaMigration Load (0.5ms)[0m  [1mSELECT `schema_migrations`.* FROM `schema_migrations`[0m
Processing by PageController#welcome as HTML
Completed 500 Internal Server Error in 146ms

NameError (undefined local variable or method `issues' for #<PageController:0xbad0a524>):
  app/controllers/page_controller.rb:3:in `welcome'


  Rendered /home/vagrant/.rbenv/versions/2.1.2/lib/ruby/gems/2.1.0/gems/actionpack-4.1.2/lib/action_dispatch/middleware/templates/rescues/_source.erb (3.3ms)
  Rendered /home/vagrant/.rbenv/versions/2.1.2/lib/ruby/gems/2.1.0/gems/actionpack-4.1.2/lib/action_dispatch/middleware/templates/rescues/_trace.html.erb (7.6ms)
  Rendered /home/vagrant/.rbenv/versions/2.1.2/lib/ruby/gems/2.1.0/gems/actionpack-4.1.2/lib/action_dispatch/middleware/templates/rescues/_request_and_response.html.erb (6.7ms)
  Rendered /home/vagrant/.rbenv/versions/2.1.2/lib/ruby/gems/2.1.0/gems/actionpack-4.1.2/lib/action_dispatch/middleware/templates/rescues/diagnostics.erb within rescues/layout (147.0ms)


Started GET "/" for 192.168.3.1 at 2015-06-20 01:54:49 +0000
Processing by PageController#welcome as HTML
Completed 500 Internal Server Error in 11ms

NameError (undefined local variable or method `issues' for #<PageController:0xbaaef938>):
  app/controllers/page_controller.rb:3:in `welcome'


  Rendered /home/vagrant/.rbenv/versions/2.1.2/lib/ruby/gems/2.1.0/gems/actionpack-4.1.2/lib/action_dispatch/middleware/templates/rescues/_source.erb (6.7ms)
  Rendered /home/vagrant/.rbenv/versions/2.1.2/lib/ruby/gems/2.1.0/gems/actionpack-4.1.2/lib/action_dispatch/middleware/templates/rescues/_trace.html.erb (11.2ms)
  Rendered /home/vagrant/.rbenv/versions/2.1.2/lib/ruby/gems/2.1.0/gems/actionpack-4.1.2/lib/action_dispatch/middleware/templates/rescues/_request_and_response.html.erb (4.0ms)
  Rendered /home/vagrant/.rbenv/versions/2.1.2/lib/ruby/gems/2.1.0/gems/actionpack-4.1.2/lib/action_dispatch/middleware/templates/rescues/diagnostics.erb within rescues/layout (117.0ms)


Started GET "/" for 192.168.3.1 at 2015-06-20 01:55:15 +0000
Processing by PageController#welcome as HTML
Completed 500 Internal Server Error in 33ms

NameError (undefined local variable or method `issues' for #<PageController:0xba9703c8>):
  app/controllers/page_controller.rb:3:in `welcome'


  Rendered /home/vagrant/.rbenv/versions/2.1.2/lib/ruby/gems/2.1.0/gems/actionpack-4.1.2/lib/action_dispatch/middleware/templates/rescues/_source.erb (4.3ms)
  Rendered /home/vagrant/.rbenv/versions/2.1.2/lib/ruby/gems/2.1.0/gems/actionpack-4.1.2/lib/action_dispatch/middleware/templates/rescues/_trace.html.erb (5.5ms)
  Rendered /home/vagrant/.rbenv/versions/2.1.2/lib/ruby/gems/2.1.0/gems/actionpack-4.1.2/lib/action_dispatch/middleware/templates/rescues/_request_and_response.html.erb (4.6ms)
  Rendered /home/vagrant/.rbenv/versions/2.1.2/lib/ruby/gems/2.1.0/gems/actionpack-4.1.2/lib/action_dispatch/middleware/templates/rescues/diagnostics.erb within rescues/layout (85.5ms)


Started GET "/" for 192.168.3.1 at 2015-06-20 01:55:16 +0000
Processing by PageController#welcome as HTML
Completed 500 Internal Server Error in 12ms

NameError (undefined local variable or method `issues' for #<PageController:0xba838898>):
  app/controllers/page_controller.rb:3:in `welcome'


  Rendered /home/vagrant/.rbenv/versions/2.1.2/lib/ruby/gems/2.1.0/gems/actionpack-4.1.2/lib/action_dispatch/middleware/templates/rescues/_source.erb (4.4ms)
  Rendered /home/vagrant/.rbenv/versions/2.1.2/lib/ruby/gems/2.1.0/gems/actionpack-4.1.2/lib/action_dispatch/middleware/templates/rescues/_trace.html.erb (6.1ms)
  Rendered /home/vagrant/.rbenv/versions/2.1.2/lib/ruby/gems/2.1.0/gems/actionpack-4.1.2/lib/action_dispatch/middleware/templates/rescues/_request_and_response.html.erb (3.8ms)
  Rendered /home/vagrant/.rbenv/versions/2.1.2/lib/ruby/gems/2.1.0/gems/actionpack-4.1.2/lib/action_dispatch/middleware/templates/rescues/diagnostics.erb within rescues/layout (86.8ms)


Started GET "/" for 192.168.3.1 at 2015-06-20 01:55:18 +0000
Processing by PageController#welcome as HTML
Completed 500 Internal Server Error in 13ms

NameError (undefined local variable or method `issues' for #<PageController:0xba3139f8>):
  app/controllers/page_controller.rb:3:in `welcome'


  Rendered /home/vagrant/.rbenv/versions/2.1.2/lib/ruby/gems/2.1.0/gems/actionpack-4.1.2/lib/action_dispatch/middleware/templates/rescues/_source.erb (4.1ms)
  Rendered /home/vagrant/.rbenv/versions/2.1.2/lib/ruby/gems/2.1.0/gems/actionpack-4.1.2/lib/action_dispatch/middleware/templates/rescues/_trace.html.erb (9.2ms)
  Rendered /home/vagrant/.rbenv/versions/2.1.2/lib/ruby/gems/2.1.0/gems/actionpack-4.1.2/lib/action_dispatch/middleware/templates/rescues/_request_and_response.html.erb (5.8ms)
  Rendered /home/vagrant/.rbenv/versions/2.1.2/lib/ruby/gems/2.1.0/gems/actionpack-4.1.2/lib/action_dispatch/middleware/templates/rescues/diagnostics.erb within rescues/layout (104.7ms)


Started GET "/" for 192.168.3.1 at 2015-06-20 01:55:40 +0000
  [1m[36mActiveRecord::SchemaMigration Load (0.9ms)[0m  [1mSELECT `schema_migrations`.* FROM `schema_migrations`[0m
Processing by PageController#welcome as HTML
  [1m[35mIssue Load (1.6ms)[0m  SELECT `issues`.* FROM `issues`
  Rendered page/_issue_list.html.erb (57.1ms)
  Rendered page/welcome.html.erb within layouts/application (249.6ms)
Completed 200 OK in 2621ms (Views: 2404.5ms | ActiveRecord: 7.5ms)


Started GET "/assets/sections/layout.css?body=1" for 192.168.3.1 at 2015-06-20 01:55:46 +0000


Started GET "/assets/sections/welcome.css?body=1" for 192.168.3.1 at 2015-06-20 01:55:46 +0000


Started GET "/assets/jquery_ujs.js?body=1" for 192.168.3.1 at 2015-06-20 01:55:46 +0000


Started GET "/assets/jquery.js?body=1" for 192.168.3.1 at 2015-06-20 01:55:46 +0000


Started GET "/assets/application.css?body=1" for 192.168.3.1 at 2015-06-20 01:55:47 +0000


Started GET "/assets/shared/common.css?body=1" for 192.168.3.1 at 2015-06-20 01:55:47 +0000


Started GET "/assets/turbolinks.js?body=1" for 192.168.3.1 at 2015-06-20 01:55:47 +0000


Started GET "/assets/vendor/jquery.anystretch.min.js?body=1" for 192.168.3.1 at 2015-06-20 01:55:48 +0000


Started GET "/assets/application.js?body=1" for 192.168.3.1 at 2015-06-20 01:55:48 +0000


Started GET "/assets/home-banner-bg.jpg" for 192.168.3.1 at 2015-06-20 01:55:48 +0000
